<?xml version="1.0" encoding="UTF-8"?>
<testsuite name="com.message.messenger.vo.MessageVOTest" tests="5" skipped="0" failures="0" errors="0" timestamp="2022-03-28T16:56:01" hostname="Sureshs-MacBook-Pro.local" time="0.065">
  <properties/>
  <testcase name="testGetEmailContent()" classname="com.message.messenger.vo.MessageVOTest" time="0.007"/>
  <testcase name="testMessageVOStringString()" classname="com.message.messenger.vo.MessageVOTest" time="0.0"/>
  <testcase name="testSetEmailContent()" classname="com.message.messenger.vo.MessageVOTest" time="0.001"/>
  <testcase name="testGetEmailAddress()" classname="com.message.messenger.vo.MessageVOTest" time="0.011"/>
  <testcase name="testSetEmailAddress()" classname="com.message.messenger.vo.MessageVOTest" time="0.005"/>
  <system-out><![CDATA[]]></system-out>
  <system-err><![CDATA[]]></system-err>
</testsuite>
